(-CTX_G1*(R_G3_T1*(-(-CTX_G4_T2_1*R_G4_T2_1*CTX_G4_T2_2*R_G4_T2_2+CTX_G4_T2_1*R_G4_T2_1+CTX_G4_T2_2*R_G4_T2_2)*CTX_G4_T2_3*R_G4_T2_3+(-CTX_G4_T2_1*R_G4_T2_1*CTX_G4_T2_2*R_G4_T2_2+CTX_G4_T2_1*R_G4_T2_1+CTX_G4_T2_2*R_G4_T2_2)+CTX_G4_T2_3*R_G4_T2_3)*CTX_G5*((-R_G6_T3_1*R_G6_T3_2+R_G6_T3_1+R_G6_T3_2)*(-(-CTX_G8_T5_1*R_G8_T5_1*CTX_G8_T5_2*R_G8_T5_2+CTX_G8_T5_1*R_G8_T5_1+CTX_G8_T5_2*R_G8_T5_2)*CTX_G8_T5_3*R_G8_T5_3+(-CTX_G8_T5_1*R_G8_T5_1*CTX_G8_T5_2*R_G8_T5_2+CTX_G8_T5_1*R_G8_T5_1+CTX_G8_T5_2*R_G8_T5_2)+CTX_G8_T5_3*R_G8_T5_3)))*CTX_G2*(-(-CTX_G2_T6_1*R_G2_T6_1*CTX_G2_T6_2*R_G2_T6_2+CTX_G2_T6_1*R_G2_T6_1+CTX_G2_T6_2*R_G2_T6_2)*CTX_G2_T6_3*R_G2_T6_3+(-CTX_G2_T6_1*R_G2_T6_1*CTX_G2_T6_2*R_G2_T6_2+CTX_G2_T6_1*R_G2_T6_1+CTX_G2_T6_2*R_G2_T6_2)+CTX_G2_T6_3*R_G2_T6_3)+CTX_G1*(R_G3_T1*(-(-CTX_G4_T2_1*R_G4_T2_1*CTX_G4_T2_2*R_G4_T2_2+CTX_G4_T2_1*R_G4_T2_1+CTX_G4_T2_2*R_G4_T2_2)*CTX_G4_T2_3*R_G4_T2_3+(-CTX_G4_T2_1*R_G4_T2_1*CTX_G4_T2_2*R_G4_T2_2+CTX_G4_T2_1*R_G4_T2_1+CTX_G4_T2_2*R_G4_T2_2)+CTX_G4_T2_3*R_G4_T2_3)*CTX_G5*((-R_G6_T3_1*R_G6_T3_2+R_G6_T3_1+R_G6_T3_2)*(-(-CTX_G8_T5_1*R_G8_T5_1*CTX_G8_T5_2*R_G8_T5_2+CTX_G8_T5_1*R_G8_T5_1+CTX_G8_T5_2*R_G8_T5_2)*CTX_G8_T5_3*R_G8_T5_3+(-CTX_G8_T5_1*R_G8_T5_1*CTX_G8_T5_2*R_G8_T5_2+CTX_G8_T5_1*R_G8_T5_1+CTX_G8_T5_2*R_G8_T5_2)+CTX_G8_T5_3*R_G8_T5_3)))+CTX_G2*(-(-CTX_G2_T6_1*R_G2_T6_1*CTX_G2_T6_2*R_G2_T6_2+CTX_G2_T6_1*R_G2_T6_1+CTX_G2_T6_2*R_G2_T6_2)*CTX_G2_T6_3*R_G2_T6_3+(-CTX_G2_T6_1*R_G2_T6_1*CTX_G2_T6_2*R_G2_T6_2+CTX_G2_T6_1*R_G2_T6_1+CTX_G2_T6_2*R_G2_T6_2)+CTX_G2_T6_3*R_G2_T6_3))

//CTX_G2_T6_3 = (as=3)
//CTX_G2_T6_1 = (as=1)
//CTX_G2_T6_2 = (as=2)
//CTX_G8_T5_3 = (as=3)
//CTX_G8_T5_2 = (as=2)
//CTX_G1 = (vitalParamMsg=true)
//CTX_G4_T2_1 = (ms=1)
//CTX_G8_T5_1 = (as=1)
//CTX_G2 = (pButtonMsg=true)
//CTX_G4_T2_2 = (ms=2)
//CTX_G4_T2_3 = (ms=3)
//CTX_G5 = (patientOK=false)
//R_G6_T3_1 = reliability of node G6_T3_1
//R_G3_T1 = reliability of node G3_T1
//R_G6_T3_2 = reliability of node G6_T3_2
//R_G2_T6_3 = reliability of node G2_T6_3
//R_G2_T6_1 = reliability of node G2_T6_1
//R_G2_T6_2 = reliability of node G2_T6_2
//R_G8_T5_3 = reliability of node G8_T5_3
//R_G8_T5_2 = reliability of node G8_T5_2
//R_G4_T2_1 = reliability of node G4_T2_1
//R_G8_T5_1 = reliability of node G8_T5_1
//R_G4_T2_2 = reliability of node G4_T2_2
//R_G4_T2_3 = reliability of node G4_T2_3

